<?xml version="1.0" encoding="UTF-8"?>
<coverage generated="1525088202152" clover="3.2.0">
  <project timestamp="1525088202152" name="All files">
    <metrics statements="55" coveredstatements="55" conditionals="22" coveredconditionals="22" methods="36" coveredmethods="36" elements="113" coveredelements="113" complexity="0" loc="55" ncloc="55" packages="2" files="6" classes="6">
      <package name="src">
        <metrics statements="26" coveredstatements="26" conditionals="14" coveredconditionals="14" methods="17" coveredmethods="17"/>
        <file name="astParser.js" path="/home/gabos/Projects/gendiff/src/astParser.js">
          <metrics statements="18" coveredstatements="18" conditionals="13" coveredconditionals="13" methods="14" coveredmethods="14"/>
          <line num="3" count="1" type="stmt"/>
          <line num="6" count="15" type="stmt"/>
          <line num="7" count="75" type="cond" truecount="4" falsecount="0"/>
          <line num="11" count="15" type="stmt"/>
          <line num="12" count="60" type="cond" truecount="3" falsecount="0"/>
          <line num="16" count="15" type="stmt"/>
          <line num="19" count="45" type="cond" truecount="2" falsecount="0"/>
          <line num="22" count="20" type="stmt"/>
          <line num="23" count="30" type="cond" truecount="2" falsecount="0"/>
          <line num="26" count="10" type="stmt"/>
          <line num="27" count="10" type="cond" truecount="2" falsecount="0"/>
          <line num="31" count="1" type="stmt"/>
          <line num="32" count="220" type="stmt"/>
          <line num="34" count="1" type="stmt"/>
          <line num="35" count="20" type="stmt"/>
          <line num="36" count="20" type="stmt"/>
          <line num="37" count="75" type="stmt"/>
          <line num="38" count="75" type="stmt"/>
        </file>
        <file name="index.js" path="/home/gabos/Projects/gendiff/src/index.js">
          <metrics statements="8" coveredstatements="8" conditionals="1" coveredconditionals="1" methods="3" coveredmethods="3"/>
          <line num="8" count="1" type="stmt"/>
          <line num="15" count="1" type="stmt"/>
          <line num="16" count="10" type="stmt"/>
          <line num="18" count="1" type="cond" truecount="1" falsecount="0"/>
          <line num="19" count="10" type="stmt"/>
          <line num="20" count="5" type="stmt"/>
          <line num="21" count="5" type="stmt"/>
          <line num="22" count="5" type="stmt"/>
        </file>
      </package>
      <package name="src.renderers">
        <metrics statements="29" coveredstatements="29" conditionals="8" coveredconditionals="8" methods="19" coveredmethods="19"/>
        <file name="index.js" path="/home/gabos/Projects/gendiff/src/renderers/index.js">
          <metrics statements="0" coveredstatements="0" conditionals="0" coveredconditionals="0" methods="0" coveredmethods="0"/>
        </file>
        <file name="json.js" path="/home/gabos/Projects/gendiff/src/renderers/json.js">
          <metrics statements="1" coveredstatements="1" conditionals="0" coveredconditionals="0" methods="1" coveredmethods="1"/>
          <line num="1" count="1" type="stmt"/>
        </file>
        <file name="plain.js" path="/home/gabos/Projects/gendiff/src/renderers/plain.js">
          <metrics statements="12" coveredstatements="12" conditionals="5" coveredconditionals="5" methods="9" coveredmethods="9"/>
          <line num="3" count="1" type="stmt"/>
          <line num="4" count="6" type="cond" truecount="2" falsecount="0"/>
          <line num="5" count="4" type="cond" truecount="2" falsecount="0"/>
          <line num="8" count="1" type="stmt"/>
          <line num="10" count="3" type="stmt"/>
          <line num="12" count="3" type="stmt"/>
          <line num="16" count="4" type="stmt"/>
          <line num="20" count="2" type="stmt"/>
          <line num="23" count="1" type="cond" truecount="1" falsecount="0"/>
          <line num="24" count="15" type="stmt"/>
          <line num="25" count="12" type="stmt"/>
          <line num="26" count="4" type="stmt"/>
        </file>
        <file name="text.js" path="/home/gabos/Projects/gendiff/src/renderers/text.js">
          <metrics statements="16" coveredstatements="16" conditionals="3" coveredconditionals="3" methods="9" coveredmethods="9"/>
          <line num="3" count="1" type="stmt"/>
          <line num="4" count="45" type="cond" truecount="2" falsecount="0"/>
          <line num="5" count="30" type="stmt"/>
          <line num="7" count="15" type="stmt"/>
          <line num="8" count="15" type="stmt"/>
          <line num="9" count="15" type="stmt"/>
          <line num="12" count="1" type="stmt"/>
          <line num="14" count="9" type="stmt"/>
          <line num="17" count="9" type="stmt"/>
          <line num="20" count="9" type="stmt"/>
          <line num="24" count="12" type="stmt"/>
          <line num="27" count="6" type="stmt"/>
          <line num="30" count="1" type="cond" truecount="1" falsecount="0"/>
          <line num="31" count="12" type="stmt"/>
          <line num="32" count="45" type="stmt"/>
          <line num="33" count="12" type="stmt"/>
        </file>
      </package>
    </metrics>
  </project>
</coverage>
