{"/home/gabos/Projects/gendiff/src/astParser.js": {"path":"/home/gabos/Projects/gendiff/src/astParser.js","statementMap":{"0":{"start":{"line":3,"column":17},"end":{"line":29,"column":1}},"1":{"start":{"line":6,"column":7},"end":{"line":6,"column":70}},"2":{"start":{"line":7,"column":32},"end":{"line":8,"column":56}},"3":{"start":{"line":11,"column":26},"end":{"line":11,"column":70}},"4":{"start":{"line":12,"column":32},"end":{"line":13,"column":33}},"5":{"start":{"line":16,"column":32},"end":{"line":18,"column":5}},"6":{"start":{"line":19,"column":32},"end":{"line":19,"column":68}},"7":{"start":{"line":22,"column":32},"end":{"line":22,"column":72}},"8":{"start":{"line":23,"column":32},"end":{"line":23,"column":69}},"9":{"start":{"line":26,"column":26},"end":{"line":26,"column":68}},"10":{"start":{"line":27,"column":32},"end":{"line":27,"column":69}},"11":{"start":{"line":31,"column":19},"end":{"line":32,"column":57}},"12":{"start":{"line":32,"column":2},"end":{"line":32,"column":57}},"13":{"start":{"line":32,"column":34},"end":{"line":32,"column":56}},"14":{"start":{"line":34,"column":14},"end":{"line":40,"column":1}},"15":{"start":{"line":35,"column":26},"end":{"line":35,"column":67}},"16":{"start":{"line":36,"column":2},"end":{"line":39,"column":5}},"17":{"start":{"line":37,"column":21},"end":{"line":37,"column":54}},"18":{"start":{"line":38,"column":4},"end":{"line":38,"column":46}}},"fnMap":{"0":{"name":"(anonymous_0)","decl":{"start":{"line":5,"column":10},"end":{"line":5,"column":11}},"loc":{"start":{"line":6,"column":7},"end":{"line":6,"column":70}},"line":6},"1":{"name":"(anonymous_1)","decl":{"start":{"line":7,"column":11},"end":{"line":7,"column":12}},"loc":{"start":{"line":7,"column":32},"end":{"line":8,"column":56}},"line":7},"2":{"name":"(anonymous_2)","decl":{"start":{"line":11,"column":10},"end":{"line":11,"column":11}},"loc":{"start":{"line":11,"column":26},"end":{"line":11,"column":70}},"line":11},"3":{"name":"(anonymous_3)","decl":{"start":{"line":12,"column":11},"end":{"line":12,"column":12}},"loc":{"start":{"line":12,"column":32},"end":{"line":13,"column":33}},"line":12},"4":{"name":"(anonymous_4)","decl":{"start":{"line":16,"column":10},"end":{"line":16,"column":11}},"loc":{"start":{"line":16,"column":32},"end":{"line":18,"column":5}},"line":16},"5":{"name":"(anonymous_5)","decl":{"start":{"line":19,"column":11},"end":{"line":19,"column":12}},"loc":{"start":{"line":19,"column":32},"end":{"line":19,"column":68}},"line":19},"6":{"name":"(anonymous_6)","decl":{"start":{"line":22,"column":10},"end":{"line":22,"column":11}},"loc":{"start":{"line":22,"column":32},"end":{"line":22,"column":72}},"line":22},"7":{"name":"(anonymous_7)","decl":{"start":{"line":23,"column":11},"end":{"line":23,"column":12}},"loc":{"start":{"line":23,"column":32},"end":{"line":23,"column":69}},"line":23},"8":{"name":"(anonymous_8)","decl":{"start":{"line":26,"column":10},"end":{"line":26,"column":11}},"loc":{"start":{"line":26,"column":26},"end":{"line":26,"column":68}},"line":26},"9":{"name":"(anonymous_9)","decl":{"start":{"line":27,"column":11},"end":{"line":27,"column":12}},"loc":{"start":{"line":27,"column":32},"end":{"line":27,"column":69}},"line":27},"10":{"name":"(anonymous_10)","decl":{"start":{"line":31,"column":19},"end":{"line":31,"column":20}},"loc":{"start":{"line":32,"column":2},"end":{"line":32,"column":57}},"line":32},"11":{"name":"(anonymous_11)","decl":{"start":{"line":32,"column":19},"end":{"line":32,"column":20}},"loc":{"start":{"line":32,"column":34},"end":{"line":32,"column":56}},"line":32},"12":{"name":"(anonymous_12)","decl":{"start":{"line":34,"column":14},"end":{"line":34,"column":15}},"loc":{"start":{"line":34,"column":36},"end":{"line":40,"column":1}},"line":34},"13":{"name":"(anonymous_13)","decl":{"start":{"line":36,"column":29},"end":{"line":36,"column":30}},"loc":{"start":{"line":36,"column":38},"end":{"line":39,"column":3}},"line":36}},"branchMap":{"0":{"loc":{"start":{"line":7,"column":32},"end":{"line":8,"column":56}},"type":"binary-expr","locations":[{"start":{"line":7,"column":33},"end":{"line":7,"column":49}},{"start":{"line":7,"column":53},"end":{"line":7,"column":69}},{"start":{"line":8,"column":9},"end":{"line":8,"column":30}},{"start":{"line":8,"column":34},"end":{"line":8,"column":55}}],"line":7},"1":{"loc":{"start":{"line":12,"column":32},"end":{"line":13,"column":33}},"type":"binary-expr","locations":[{"start":{"line":12,"column":33},"end":{"line":12,"column":49}},{"start":{"line":12,"column":53},"end":{"line":12,"column":69}},{"start":{"line":13,"column":9},"end":{"line":13,"column":32}}],"line":12},"2":{"loc":{"start":{"line":19,"column":32},"end":{"line":19,"column":68}},"type":"binary-expr","locations":[{"start":{"line":19,"column":32},"end":{"line":19,"column":48}},{"start":{"line":19,"column":52},"end":{"line":19,"column":68}}],"line":19},"3":{"loc":{"start":{"line":23,"column":32},"end":{"line":23,"column":69}},"type":"binary-expr","locations":[{"start":{"line":23,"column":32},"end":{"line":23,"column":49}},{"start":{"line":23,"column":53},"end":{"line":23,"column":69}}],"line":23},"4":{"loc":{"start":{"line":27,"column":32},"end":{"line":27,"column":69}},"type":"binary-expr","locations":[{"start":{"line":27,"column":32},"end":{"line":27,"column":48}},{"start":{"line":27,"column":52},"end":{"line":27,"column":69}}],"line":27}},"s":{"0":1,"1":15,"2":75,"3":15,"4":60,"5":15,"6":45,"7":20,"8":30,"9":10,"10":10,"11":1,"12":75,"13":220,"14":1,"15":20,"16":20,"17":75,"18":75},"f":{"0":15,"1":75,"2":15,"3":60,"4":15,"5":45,"6":20,"7":30,"8":10,"9":10,"10":75,"11":220,"12":20,"13":75},"b":{"0":[75,55,45,20],"1":[60,40,30],"2":[45,25],"3":[30,20],"4":[10,10]},"_coverageSchema":"332fd63041d2c1bcb487cc26dd0d5f7d97098a6c","hash":"5f0f6c6347a7eef886166bf1f7c52f0d5f03dabc"}
,"/home/gabos/Projects/gendiff/src/index.js": {"path":"/home/gabos/Projects/gendiff/src/index.js","statementMap":{"0":{"start":{"line":8,"column":16},"end":{"line":13,"column":1}},"1":{"start":{"line":15,"column":17},"end":{"line":16,"column":30}},"2":{"start":{"line":16,"column":2},"end":{"line":16,"column":30}},"3":{"start":{"line":18,"column":16},"end":{"line":23,"column":1}},"4":{"start":{"line":19,"column":18},"end":{"line":19,"column":59}},"5":{"start":{"line":19,"column":28},"end":{"line":19,"column":59}},"6":{"start":{"line":20,"column":15},"end":{"line":20,"column":46}},"7":{"start":{"line":21,"column":15},"end":{"line":21,"column":46}},"8":{"start":{"line":22,"column":2},"end":{"line":22,"column":49}}},"fnMap":{"0":{"name":"(anonymous_0)","decl":{"start":{"line":15,"column":17},"end":{"line":15,"column":18}},"loc":{"start":{"line":16,"column":2},"end":{"line":16,"column":30}},"line":16},"1":{"name":"(anonymous_1)","decl":{"start":{"line":18,"column":16},"end":{"line":18,"column":17}},"loc":{"start":{"line":18,"column":51},"end":{"line":23,"column":1}},"line":18},"2":{"name":"(anonymous_2)","decl":{"start":{"line":19,"column":18},"end":{"line":19,"column":19}},"loc":{"start":{"line":19,"column":28},"end":{"line":19,"column":59}},"line":19}},"branchMap":{"0":{"loc":{"start":{"line":18,"column":31},"end":{"line":18,"column":46}},"type":"default-arg","locations":[{"start":{"line":18,"column":40},"end":{"line":18,"column":46}}],"line":18}},"s":{"0":1,"1":1,"2":10,"3":1,"4":5,"5":10,"6":5,"7":5,"8":5},"f":{"0":10,"1":5,"2":10},"b":{"0":[3]},"_coverageSchema":"332fd63041d2c1bcb487cc26dd0d5f7d97098a6c","hash":"3e2a0dd7912efc4105bd795ce947cb941f80fbf3"}
,"/home/gabos/Projects/gendiff/src/renderers/index.js": {"path":"/home/gabos/Projects/gendiff/src/renderers/index.js","statementMap":{},"fnMap":{},"branchMap":{},"s":{},"f":{},"b":{},"_coverageSchema":"332fd63041d2c1bcb487cc26dd0d5f7d97098a6c","hash":"bd75e090efbd1a89b179aa767788c964503792d3"}
,"/home/gabos/Projects/gendiff/src/renderers/json.js": {"path":"/home/gabos/Projects/gendiff/src/renderers/json.js","statementMap":{"0":{"start":{"line":1,"column":22},"end":{"line":1,"column":41}}},"fnMap":{"0":{"name":"(anonymous_0)","decl":{"start":{"line":1,"column":15},"end":{"line":1,"column":16}},"loc":{"start":{"line":1,"column":22},"end":{"line":1,"column":41}},"line":1}},"branchMap":{},"s":{"0":1},"f":{"0":1},"b":{},"_coverageSchema":"332fd63041d2c1bcb487cc26dd0d5f7d97098a6c","hash":"d74c741141ce9fb296061d0af2c7e735f41b478f"}
,"/home/gabos/Projects/gendiff/src/renderers/plain.js": {"path":"/home/gabos/Projects/gendiff/src/renderers/plain.js","statementMap":{"0":{"start":{"line":3,"column":20},"end":{"line":6,"column":1}},"1":{"start":{"line":4,"column":21},"end":{"line":4,"column":71}},"2":{"start":{"line":5,"column":19},"end":{"line":5,"column":76}},"3":{"start":{"line":8,"column":20},"end":{"line":21,"column":1}},"4":{"start":{"line":10,"column":4},"end":{"line":10,"column":52}},"5":{"start":{"line":12,"column":30},"end":{"line":14,"column":80}},"6":{"start":{"line":16,"column":28},"end":{"line":17,"column":76}},"7":{"start":{"line":20,"column":4},"end":{"line":20,"column":64}},"8":{"start":{"line":23,"column":15},"end":{"line":27,"column":1}},"9":{"start":{"line":24,"column":20},"end":{"line":25,"column":69}},"10":{"start":{"line":24,"column":45},"end":{"line":24,"column":65}},"11":{"start":{"line":25,"column":20},"end":{"line":25,"column":68}},"12":{"start":{"line":26,"column":2},"end":{"line":26,"column":30}}},"fnMap":{"0":{"name":"(anonymous_0)","decl":{"start":{"line":4,"column":11},"end":{"line":4,"column":12}},"loc":{"start":{"line":4,"column":21},"end":{"line":4,"column":71}},"line":4},"1":{"name":"(anonymous_1)","decl":{"start":{"line":5,"column":9},"end":{"line":5,"column":10}},"loc":{"start":{"line":5,"column":19},"end":{"line":5,"column":76}},"line":5},"2":{"name":"(anonymous_2)","decl":{"start":{"line":9,"column":10},"end":{"line":9,"column":11}},"loc":{"start":{"line":10,"column":4},"end":{"line":10,"column":52}},"line":10},"3":{"name":"(anonymous_3)","decl":{"start":{"line":12,"column":11},"end":{"line":12,"column":12}},"loc":{"start":{"line":12,"column":30},"end":{"line":14,"column":80}},"line":12},"4":{"name":"(anonymous_4)","decl":{"start":{"line":16,"column":9},"end":{"line":16,"column":10}},"loc":{"start":{"line":16,"column":28},"end":{"line":17,"column":76}},"line":16},"5":{"name":"(anonymous_5)","decl":{"start":{"line":19,"column":11},"end":{"line":19,"column":12}},"loc":{"start":{"line":20,"column":4},"end":{"line":20,"column":64}},"line":20},"6":{"name":"(anonymous_6)","decl":{"start":{"line":23,"column":15},"end":{"line":23,"column":16}},"loc":{"start":{"line":23,"column":35},"end":{"line":27,"column":1}},"line":23},"7":{"name":"(anonymous_7)","decl":{"start":{"line":24,"column":31},"end":{"line":24,"column":32}},"loc":{"start":{"line":24,"column":45},"end":{"line":24,"column":65}},"line":24},"8":{"name":"(anonymous_8)","decl":{"start":{"line":25,"column":9},"end":{"line":25,"column":10}},"loc":{"start":{"line":25,"column":20},"end":{"line":25,"column":68}},"line":25}},"branchMap":{"0":{"loc":{"start":{"line":4,"column":21},"end":{"line":4,"column":71}},"type":"cond-expr","locations":[{"start":{"line":4,"column":41},"end":{"line":4,"column":56}},{"start":{"line":4,"column":59},"end":{"line":4,"column":71}}],"line":4},"1":{"loc":{"start":{"line":5,"column":19},"end":{"line":5,"column":76}},"type":"cond-expr","locations":[{"start":{"line":5,"column":39},"end":{"line":5,"column":54}},{"start":{"line":5,"column":57},"end":{"line":5,"column":76}}],"line":5},"2":{"loc":{"start":{"line":23,"column":21},"end":{"line":23,"column":30}},"type":"default-arg","locations":[{"start":{"line":23,"column":28},"end":{"line":23,"column":30}}],"line":23}},"s":{"0":1,"1":6,"2":4,"3":1,"4":3,"5":3,"6":4,"7":2,"8":1,"9":4,"10":15,"11":12,"12":4},"f":{"0":6,"1":4,"2":3,"3":3,"4":4,"5":2,"6":4,"7":15,"8":12},"b":{"0":[2,4],"1":[2,2],"2":[1]},"_coverageSchema":"332fd63041d2c1bcb487cc26dd0d5f7d97098a6c","hash":"73f94e01b55766d9646caca3b72adf7588f87b5a"}
,"/home/gabos/Projects/gendiff/src/renderers/text.js": {"path":"/home/gabos/Projects/gendiff/src/renderers/text.js","statementMap":{"0":{"start":{"line":3,"column":18},"end":{"line":10,"column":1}},"1":{"start":{"line":4,"column":2},"end":{"line":6,"column":3}},"2":{"start":{"line":5,"column":4},"end":{"line":5,"column":17}},"3":{"start":{"line":7,"column":14},"end":{"line":8,"column":50}},"4":{"start":{"line":8,"column":4},"end":{"line":8,"column":49}},"5":{"start":{"line":9,"column":2},"end":{"line":9,"column":55}},"6":{"start":{"line":12,"column":20},"end":{"line":28,"column":1}},"7":{"start":{"line":14,"column":4},"end":{"line":14,"column":72}},"8":{"start":{"line":17,"column":4},"end":{"line":17,"column":68}},"9":{"start":{"line":20,"column":4},"end":{"line":21,"column":80}},"10":{"start":{"line":24,"column":4},"end":{"line":24,"column":74}},"11":{"start":{"line":27,"column":4},"end":{"line":27,"column":74}},"12":{"start":{"line":30,"column":15},"end":{"line":34,"column":1}},"13":{"start":{"line":31,"column":20},"end":{"line":32,"column":50}},"14":{"start":{"line":32,"column":4},"end":{"line":32,"column":49}},"15":{"start":{"line":33,"column":2},"end":{"line":33,"column":76}}},"fnMap":{"0":{"name":"(anonymous_0)","decl":{"start":{"line":3,"column":18},"end":{"line":3,"column":19}},"loc":{"start":{"line":3,"column":32},"end":{"line":10,"column":1}},"line":3},"1":{"name":"(anonymous_1)","decl":{"start":{"line":7,"column":32},"end":{"line":7,"column":33}},"loc":{"start":{"line":8,"column":4},"end":{"line":8,"column":49}},"line":8},"2":{"name":"(anonymous_2)","decl":{"start":{"line":13,"column":10},"end":{"line":13,"column":11}},"loc":{"start":{"line":14,"column":4},"end":{"line":14,"column":72}},"line":14},"3":{"name":"(anonymous_3)","decl":{"start":{"line":16,"column":13},"end":{"line":16,"column":14}},"loc":{"start":{"line":17,"column":4},"end":{"line":17,"column":68}},"line":17},"4":{"name":"(anonymous_4)","decl":{"start":{"line":19,"column":11},"end":{"line":19,"column":12}},"loc":{"start":{"line":20,"column":4},"end":{"line":21,"column":80}},"line":20},"5":{"name":"(anonymous_5)","decl":{"start":{"line":23,"column":9},"end":{"line":23,"column":10}},"loc":{"start":{"line":24,"column":4},"end":{"line":24,"column":74}},"line":24},"6":{"name":"(anonymous_6)","decl":{"start":{"line":26,"column":11},"end":{"line":26,"column":12}},"loc":{"start":{"line":27,"column":4},"end":{"line":27,"column":74}},"line":27},"7":{"name":"(anonymous_7)","decl":{"start":{"line":30,"column":15},"end":{"line":30,"column":16}},"loc":{"start":{"line":30,"column":31},"end":{"line":34,"column":1}},"line":30},"8":{"name":"(anonymous_8)","decl":{"start":{"line":31,"column":28},"end":{"line":31,"column":29}},"loc":{"start":{"line":32,"column":4},"end":{"line":32,"column":49}},"line":32}},"branchMap":{"0":{"loc":{"start":{"line":4,"column":2},"end":{"line":6,"column":3}},"type":"if","locations":[{"start":{"line":4,"column":2},"end":{"line":6,"column":3}},{"start":{"line":4,"column":2},"end":{"line":6,"column":3}}],"line":4},"1":{"loc":{"start":{"line":30,"column":21},"end":{"line":30,"column":26}},"type":"default-arg","locations":[{"start":{"line":30,"column":25},"end":{"line":30,"column":26}}],"line":30}},"s":{"0":1,"1":45,"2":30,"3":15,"4":15,"5":15,"6":1,"7":9,"8":9,"9":9,"10":12,"11":6,"12":1,"13":12,"14":45,"15":12},"f":{"0":45,"1":15,"2":9,"3":9,"4":9,"5":12,"6":6,"7":12,"8":45},"b":{"0":[30,15],"1":[3]},"_coverageSchema":"332fd63041d2c1bcb487cc26dd0d5f7d97098a6c","hash":"1adc1dc80dfaa5f8a830e34b35680424debd40d1"}
}
