TN:
SF:/home/gabos/Projects/gendiff/src/astParser.js
FN:5,(anonymous_0)
FN:7,(anonymous_1)
FN:11,(anonymous_2)
FN:12,(anonymous_3)
FN:16,(anonymous_4)
FN:19,(anonymous_5)
FN:22,(anonymous_6)
FN:23,(anonymous_7)
FN:26,(anonymous_8)
FN:27,(anonymous_9)
FN:31,(anonymous_10)
FN:32,(anonymous_11)
FN:34,(anonymous_12)
FN:36,(anonymous_13)
FNF:14
FNH:14
FNDA:15,(anonymous_0)
FNDA:75,(anonymous_1)
FNDA:15,(anonymous_2)
FNDA:60,(anonymous_3)
FNDA:15,(anonymous_4)
FNDA:45,(anonymous_5)
FNDA:20,(anonymous_6)
FNDA:30,(anonymous_7)
FNDA:10,(anonymous_8)
FNDA:10,(anonymous_9)
FNDA:75,(anonymous_10)
FNDA:220,(anonymous_11)
FNDA:20,(anonymous_12)
FNDA:75,(anonymous_13)
DA:3,1
DA:6,15
DA:7,75
DA:11,15
DA:12,60
DA:16,15
DA:19,45
DA:22,20
DA:23,30
DA:26,10
DA:27,10
DA:31,1
DA:32,220
DA:34,1
DA:35,20
DA:36,20
DA:37,75
DA:38,75
LF:18
LH:18
BRDA:7,0,0,75
BRDA:7,0,1,55
BRDA:7,0,2,45
BRDA:7,0,3,20
BRDA:12,1,0,60
BRDA:12,1,1,40
BRDA:12,1,2,30
BRDA:19,2,0,45
BRDA:19,2,1,25
BRDA:23,3,0,30
BRDA:23,3,1,20
BRDA:27,4,0,10
BRDA:27,4,1,10
BRF:13
BRH:13
end_of_record
TN:
SF:/home/gabos/Projects/gendiff/src/index.js
FN:15,(anonymous_0)
FN:18,(anonymous_1)
FN:19,(anonymous_2)
FNF:3
FNH:3
FNDA:10,(anonymous_0)
FNDA:5,(anonymous_1)
FNDA:10,(anonymous_2)
DA:8,1
DA:15,1
DA:16,10
DA:18,1
DA:19,10
DA:20,5
DA:21,5
DA:22,5
LF:8
LH:8
BRDA:18,0,0,3
BRF:1
BRH:1
end_of_record
TN:
SF:/home/gabos/Projects/gendiff/src/renderers/index.js
FNF:0
FNH:0
LF:0
LH:0
BRF:0
BRH:0
end_of_record
TN:
SF:/home/gabos/Projects/gendiff/src/renderers/json.js
FN:1,(anonymous_0)
FNF:1
FNH:1
FNDA:1,(anonymous_0)
DA:1,1
LF:1
LH:1
BRF:0
BRH:0
end_of_record
TN:
SF:/home/gabos/Projects/gendiff/src/renderers/plain.js
FN:4,(anonymous_0)
FN:5,(anonymous_1)
FN:9,(anonymous_2)
FN:12,(anonymous_3)
FN:16,(anonymous_4)
FN:19,(anonymous_5)
FN:23,(anonymous_6)
FN:24,(anonymous_7)
FN:25,(anonymous_8)
FNF:9
FNH:9
FNDA:6,(anonymous_0)
FNDA:4,(anonymous_1)
FNDA:3,(anonymous_2)
FNDA:3,(anonymous_3)
FNDA:4,(anonymous_4)
FNDA:2,(anonymous_5)
FNDA:4,(anonymous_6)
FNDA:15,(anonymous_7)
FNDA:12,(anonymous_8)
DA:3,1
DA:4,6
DA:5,4
DA:8,1
DA:10,3
DA:12,3
DA:16,4
DA:20,2
DA:23,1
DA:24,15
DA:25,12
DA:26,4
LF:12
LH:12
BRDA:4,0,0,2
BRDA:4,0,1,4
BRDA:5,1,0,2
BRDA:5,1,1,2
BRDA:23,2,0,1
BRF:5
BRH:5
end_of_record
TN:
SF:/home/gabos/Projects/gendiff/src/renderers/text.js
FN:3,(anonymous_0)
FN:7,(anonymous_1)
FN:13,(anonymous_2)
FN:16,(anonymous_3)
FN:19,(anonymous_4)
FN:23,(anonymous_5)
FN:26,(anonymous_6)
FN:30,(anonymous_7)
FN:31,(anonymous_8)
FNF:9
FNH:9
FNDA:45,(anonymous_0)
FNDA:15,(anonymous_1)
FNDA:9,(anonymous_2)
FNDA:9,(anonymous_3)
FNDA:9,(anonymous_4)
FNDA:12,(anonymous_5)
FNDA:6,(anonymous_6)
FNDA:12,(anonymous_7)
FNDA:45,(anonymous_8)
DA:3,1
DA:4,45
DA:5,30
DA:7,15
DA:8,15
DA:9,15
DA:12,1
DA:14,9
DA:17,9
DA:20,9
DA:24,12
DA:27,6
DA:30,1
DA:31,12
DA:32,45
DA:33,12
LF:16
LH:16
BRDA:4,0,0,30
BRDA:4,0,1,15
BRDA:30,1,0,3
BRF:3
BRH:3
end_of_record
